<?xml version="1.0" encoding="utf-8"?><testsuites name="pytest tests"><testsuite name="pytest" errors="0" failures="0" skipped="0" tests="53" time="12.665" timestamp="2026-08-18T20:41:53.702034+00:00" hostname="agent-env-42d1e119-b683-4328-8496-7e112ad7afe8"><testcase classname="tests.backend_test.TestAuth" name="test_login_parent" time="0.424" /><testcase classname="tests.backend_test.TestAuth" name="test_login_kid" time="0.145" /><testcase classname="tests.backend_test.TestAuth" name="test_login_wrong_password" time="0.118" /><testcase classname="tests.test_penalties_batched.TestDemoRegression" name="test_login_papa_and_lea" time="0.659" /><testcase classname="tests.test_penalties_batched.TestDemoRegression" name="test_get_tasks" time="0.087" /><testcase classname="tests.backend_test.TestAuth" name="test_me" time="0.108" /><testcase classname="tests.test_penalties_batched.TestDemoRegression" name="test_complete_non_photo_task" time="0.572" /><testcase classname="tests.backend_test.TestAuth" name="test_me_unauth" time="0.079" /><testcase classname="tests.backend_test.TestAuth" name="test_pin_wrong" time="0.102" /><testcase classname="tests.backend_test.TestAuth" name="test_pin_kid_forbidden" time="0.067" /><testcase classname="tests.backend_test.TestAuth" name="test_register_family_and_child" time="0.316" /><testcase classname="tests.test_penalties_batched.TestDemoRegression" name="test_get_challenges" time="0.089" /><testcase classname="tests.test_penalties_batched.TestDemoRegression" name="test_get_events_recurring" time="0.100" /><testcase classname="tests.test_penalties_batched.TestDemoRegression" name="test_get_badges" time="0.093" /><testcase classname="tests.test_badges.TestRegression" name="test_demo_parent_login" time="0.282" /><testcase classname="tests.test_tasks_regression.TestTasksN1Regression" name="test_lea_tasks_have_today_status_field" time="0.401" /><testcase classname="tests.test_tasks_regression.TestTasksN1Regression" name="test_lea_sees_assigned_daily_and_weekly" time="0.118" /><testcase classname="tests.test_badges.TestRegression" name="test_demo_kid_login_and_tasks" time="0.364" /><testcase classname="tests.test_tasks_regression.TestTasksN1Regression" name="test_complete_non_photo_updates_today_status_and_points" time="0.842" /><testcase classname="tests.test_badges.TestRegression" name="test_leaderboard_still_sorted" time="0.452" /><testcase classname="tests.test_badges.TestRegression" name="test_delete_account_endpoint_exists" time="0.462" /><testcase classname="tests.test_tasks_regression.TestTasksN1Regression" name="test_duplicate_same_day_returns_409" time="0.334" /><testcase classname="tests.test_tasks_regression.TestTasksN1Regression" name="test_soft_deleted_task_excluded_from_list" time="0.459" /><testcase classname="tests.backend_test.TestRewards" name="test_list_rewards" time="0.248" /><testcase classname="tests.backend_test.TestRewards" name="test_claim_insufficient" time="0.444" /><testcase classname="tests.backend_test.TestRewards" name="test_claim_success" time="0.475" /><testcase classname="tests.test_badges.TestFreshChildBadgeUnlock" name="test_zero_state" time="0.741" /><testcase classname="tests.test_badges.TestFreshChildBadgeUnlock" name="test_non_photo_completion_unlocks_first_quest_and_returns_new_badges" time="0.930" /><testcase classname="tests.backend_test.TestPinGating" name="test_create_task_without_pin" time="0.069" /><testcase classname="tests.backend_test.TestPinGating" name="test_create_reward_kid_forbidden" time="0.065" /><testcase classname="tests.backend_test.TestCompletions" name="test_non_photo_auto_approve_and_duplicate" time="0.401" /><testcase classname="tests.backend_test.TestCompletions" name="test_photo_pending_and_vote" time="1.154" /><testcase classname="tests.test_badges.TestFreshChildBadgeUnlock" name="test_photo_task_completion_returns_empty_new_badges_and_pending_status" time="0.765" /><testcase classname="tests.backend_test.TestTasks" name="test_list_tasks" time="0.080" /><testcase classname="tests.backend_test.TestFamily" name="test_family" time="0.065" /><testcase classname="tests.backend_test.TestTasks" name="test_create_and_delete_task" time="0.272" /><testcase classname="tests.backend_test.TestFamily" name="test_leaderboard_sorted" time="0.107" /><testcase classname="tests.test_badges.TestBadgesEndpoint" name="test_lea_has_6_of_10_expected_badges" time="0.381" /><testcase classname="tests.backend_test.TestPenalties" name="test_penalties_list" time="0.096" /><testcase classname="tests.backend_test.TestPenalties" name="test_run_penalties" time="0.193" /><testcase classname="tests.test_badges.TestBadgesEndpoint" name="test_badges_endpoint_shape_for_any_user" time="0.317" /><testcase classname="tests.test_delete_account.TestDemoAccountsIntact" name="test_demo_parent_login_still_works" time="0.182" /><testcase classname="tests.test_delete_account.TestDemoAccountsIntact" name="test_demo_kid_login_and_tasks" time="0.162" /><testcase classname="tests.test_delete_account.TestDeleteAccountAuth" name="test_delete_requires_jwt" time="0.187" /><testcase classname="tests.backend_test.TestCalendar" name="test_event_crud" time="0.292" /><testcase classname="tests.test_delete_account.TestDeleteAccountAuth" name="test_wrong_password_returns_401_and_preserves_user" time="0.609" /><testcase classname="tests.backend_test.TestShopping" name="test_shopping_flow" time="0.360" /><testcase classname="tests.test_badges.TestVoteApprovalUnlocksBadges" name="test_parent_approves_child_photo_awards_and_unlocks" time="1.935" /><testcase classname="tests.backend_test.TestPush" name="test_register_push" time="0.116" /><testcase classname="tests.test_delete_account.TestDeleteAccountSoloFamily" name="test_solo_user_delete_cascades_family" time="1.009" /><testcase classname="tests.test_tasks_regression.TestSanityValidationFlow" name="test_pending_and_parent_vote" time="1.346" /><testcase classname="tests.test_delete_account.TestDeleteAccountMultiMember" name="test_only_caller_deleted_when_others_remain" time="0.773" /><testcase classname="tests.test_penalties_batched.TestBatchedPenalties" name="test_penalty_applied_for_incomplete_assigned_daily" time="2.036" /></testsuite></testsuites>