<?xml version="1.0" encoding="utf-8"?><testsuites name="pytest tests"><testsuite name="pytest" errors="0" failures="0" skipped="0" tests="7" time="5.664" timestamp="2026-08-19T12:54:22.201237+00:00" hostname="agent-env-42d1e119-b683-4328-8496-7e112ad7afe8"><testcase classname="tests.test_parent_participation" name="test_parent_login_and_pin" time="0.653" /><testcase classname="tests.test_parent_participation" name="test_parent_task_participation_and_leaderboard" time="1.395" /><testcase classname="tests.test_parent_participation" name="test_parent_claim_reward" time="0.883" /><testcase classname="tests.test_parent_participation" name="test_child_can_read_and_create_events" time="0.599" /><testcase classname="tests.test_parent_participation" name="test_child_can_add_shopping" time="0.534" /><testcase classname="tests.test_parent_participation" name="test_multiday_event_persists_end_time" time="0.577" /><testcase classname="tests.test_parent_participation" name="test_child_task_assignment_still_works" time="0.712" /></testsuite></testsuites>