<?xml version="1.0" encoding="utf-8"?><testsuites name="pytest tests"><testsuite name="pytest" errors="0" failures="0" skipped="0" tests="9" time="3.188" timestamp="2026-08-18T22:56:52.142599+00:00" hostname="agent-env-42d1e119-b683-4328-8496-7e112ad7afe8"><testcase classname="tests.test_events_and_family.TestEventsCRUD" name="test_create_event_simple" time="0.576" /><testcase classname="tests.test_events_and_family.TestFamily" name="test_family_endpoint_members" time="0.572" /><testcase classname="tests.test_events_and_family.TestEventsCRUD" name="test_create_event_range" time="0.411" /><testcase classname="tests.test_events_and_family.TestEventsCRUD" name="test_patch_event_parent_ok" time="0.306" /><testcase classname="tests.test_events_and_family.TestEventsCRUD" name="test_patch_event_kid_forbidden" time="0.278" /><testcase classname="tests.test_events_and_family.TestEventsCRUD" name="test_patch_event_not_found" time="0.341" /><testcase classname="tests.test_events_and_family.TestEventsCRUD" name="test_weekly_recurrence_expands" time="0.379" /><testcase classname="tests.test_events_and_family.TestEventsCRUD" name="test_kid_can_list_events" time="0.130" /><testcase classname="tests.test_events_and_family.TestEventsCRUD" name="test_delete_events_cleanup" time="0.455" /></testsuite></testsuites>