<?xml version="1.0" encoding="utf-8"?><testsuites name="pytest tests"><testsuite name="pytest" errors="0" failures="0" skipped="0" tests="46" time="11.590" timestamp="2026-08-18T18:21:28.791344+00:00" hostname="agent-env-42d1e119-b683-4328-8496-7e112ad7afe8"><testcase classname="tests.test_tasks_regression.TestTasksN1Regression" name="test_lea_tasks_have_today_status_field" time="0.292" /><testcase classname="tests.test_tasks_regression.TestTasksN1Regression" name="test_lea_sees_assigned_daily_and_weekly" time="0.060" /><testcase classname="tests.backend_test.TestAuth" name="test_login_parent" time="0.463" /><testcase classname="tests.test_tasks_regression.TestTasksN1Regression" name="test_complete_non_photo_updates_today_status_and_points" time="0.667" /><testcase classname="tests.backend_test.TestAuth" name="test_login_kid" time="0.173" /><testcase classname="tests.backend_test.TestAuth" name="test_login_wrong_password" time="0.120" /><testcase classname="tests.backend_test.TestAuth" name="test_me" time="0.145" /><testcase classname="tests.backend_test.TestAuth" name="test_me_unauth" time="0.067" /><testcase classname="tests.backend_test.TestAuth" name="test_pin_wrong" time="0.108" /><testcase classname="tests.test_tasks_regression.TestTasksN1Regression" name="test_duplicate_same_day_returns_409" time="0.307" /><testcase classname="tests.backend_test.TestAuth" name="test_pin_kid_forbidden" time="0.061" /><testcase classname="tests.backend_test.TestAuth" name="test_register_family_and_child" time="0.455" /><testcase classname="tests.test_tasks_regression.TestTasksN1Regression" name="test_soft_deleted_task_excluded_from_list" time="0.287" /><testcase classname="tests.backend_test.TestRewards" name="test_list_rewards" time="0.140" /><testcase classname="tests.test_badges.TestRegression" name="test_demo_parent_login" time="0.163" /><testcase classname="tests.backend_test.TestRewards" name="test_claim_insufficient" time="0.283" /><testcase classname="tests.test_badges.TestRegression" name="test_demo_kid_login_and_tasks" time="0.339" /><testcase classname="tests.backend_test.TestRewards" name="test_claim_success" time="0.619" /><testcase classname="tests.test_badges.TestRegression" name="test_leaderboard_still_sorted" time="0.304" /><testcase classname="tests.test_badges.TestRegression" name="test_delete_account_endpoint_exists" time="0.467" /><testcase classname="tests.test_badges.TestFreshChildBadgeUnlock" name="test_zero_state" time="0.677" /><testcase classname="tests.backend_test.TestPinGating" name="test_create_task_without_pin" time="0.406" /><testcase classname="tests.test_badges.TestFreshChildBadgeUnlock" name="test_non_photo_completion_unlocks_first_quest_and_returns_new_badges" time="0.995" /><testcase classname="tests.backend_test.TestPinGating" name="test_create_reward_kid_forbidden" time="0.180" /><testcase classname="tests.backend_test.TestTasks" name="test_list_tasks" time="0.066" /><testcase classname="tests.backend_test.TestTasks" name="test_create_and_delete_task" time="0.217" /><testcase classname="tests.backend_test.TestFamily" name="test_family" time="0.066" /><testcase classname="tests.backend_test.TestFamily" name="test_leaderboard_sorted" time="0.068" /><testcase classname="tests.backend_test.TestPenalties" name="test_penalties_list" time="0.070" /><testcase classname="tests.backend_test.TestPenalties" name="test_run_penalties" time="0.369" /><testcase classname="tests.test_badges.TestFreshChildBadgeUnlock" name="test_photo_task_completion_returns_empty_new_badges_and_pending_status" time="0.767" /><testcase classname="tests.test_badges.TestBadgesEndpoint" name="test_lea_has_6_of_10_expected_badges" time="0.394" /><testcase classname="tests.test_badges.TestBadgesEndpoint" name="test_badges_endpoint_shape_for_any_user" time="0.323" /><testcase classname="tests.test_delete_account.TestDeleteAccountAuth" name="test_delete_requires_jwt" time="0.180" /><testcase classname="tests.backend_test.TestCompletions" name="test_non_photo_auto_approve_and_duplicate" time="0.631" /><testcase classname="tests.test_delete_account.TestDeleteAccountAuth" name="test_wrong_password_returns_401_and_preserves_user" time="0.485" /><testcase classname="tests.backend_test.TestCompletions" name="test_photo_pending_and_vote" time="1.417" /><testcase classname="tests.test_delete_account.TestDemoAccountsIntact" name="test_demo_parent_login_still_works" time="0.155" /><testcase classname="tests.test_delete_account.TestDemoAccountsIntact" name="test_demo_kid_login_and_tasks" time="0.193" /><testcase classname="tests.backend_test.TestPush" name="test_register_push" time="0.082" /><testcase classname="tests.test_badges.TestVoteApprovalUnlocksBadges" name="test_parent_approves_child_photo_awards_and_unlocks" time="1.717" /><testcase classname="tests.backend_test.TestCalendar" name="test_event_crud" time="1.380" /><testcase classname="tests.test_delete_account.TestDeleteAccountSoloFamily" name="test_solo_user_delete_cascades_family" time="0.850" /><testcase classname="tests.backend_test.TestShopping" name="test_shopping_flow" time="0.353" /><testcase classname="tests.test_delete_account.TestDeleteAccountMultiMember" name="test_only_caller_deleted_when_others_remain" time="0.881" /><testcase classname="tests.test_tasks_regression.TestSanityValidationFlow" name="test_pending_and_parent_vote" time="2.381" /></testsuite></testsuites>