<?xml version="1.0" encoding="utf-8"?><testsuites name="pytest tests"><testsuite name="pytest" errors="0" failures="0" skipped="0" tests="24" time="9.186" timestamp="2026-08-18T21:29:09.189793+00:00" hostname="agent-env-42d1e119-b683-4328-8496-7e112ad7afe8"><testcase classname="tests.test_security_fixes.TestRegression" name="test_demo_papa_login" time="0.474" /><testcase classname="tests.test_security_fixes.TestRegression" name="test_demo_lea_login_and_tasks" time="0.535" /><testcase classname="tests.test_security_fixes.TestRegression" name="test_pin_verify_demo_parent" time="0.478" /><testcase classname="tests.test_security_fixes.TestRegression" name="test_family_endpoint" time="0.917" /><testcase classname="tests.test_security_fixes.TestPhotoScoping" name="test_same_family_can_fetch_header" time="2.399" /><testcase classname="tests.test_security_fixes.TestPhotoScoping" name="test_same_family_can_fetch_query_token" time="0.407" /><testcase classname="tests.test_security_fixes.TestRegression" name="test_challenges_events_badges_endpoints" time="0.894" /><testcase classname="tests.test_security_fixes.TestPhotoScoping" name="test_other_family_404" time="0.313" /><testcase classname="tests.test_security_fixes.TestPhotoScoping" name="test_no_token_401" time="0.187" /><testcase classname="tests.test_security_fixes.TestRegression" name="test_non_photo_task_auto_approve_and_award" time="1.258" /><testcase classname="tests.test_security_fixes.TestPhotoScoping" name="test_bad_token_401" time="0.196" /><testcase classname="tests.test_security_fixes.TestPhotoScoping" name="test_path_traversal_404" time="0.655" /><testcase classname="tests.test_security_fixes.TestPhotoScoping" name="test_leading_slash_404" time="0.143" /><testcase classname="tests.test_security_fixes.TestPushAuth" name="test_register_push_no_auth_401" time="0.143" /><testcase classname="tests.test_security_fixes.TestPushAuth" name="test_register_push_bad_token_401" time="0.158" /><testcase classname="tests.test_security_fixes.TestRegression" name="test_second_parent_join_via_family_id" time="0.584" /><testcase classname="tests.test_security_fixes.TestPushAuth" name="test_register_push_bogus_user_id_ignored" time="0.910" /><testcase classname="tests.test_security_fixes.TestSeedGuard" name="test_seed_without_admin_key_403" time="0.182" /><testcase classname="tests.test_security_fixes.TestSeedGuard" name="test_seed_wrong_admin_key_403" time="0.114" /><testcase classname="tests.test_security_fixes.TestSeedGuard" name="test_seed_correct_admin_key_ok" time="0.130" /><testcase classname="tests.test_security_fixes.TestPenaltiesScoping" name="test_child_forbidden" time="0.546" /><testcase classname="tests.test_security_fixes.TestSeedGuard" name="test_demo_family_exists" time="0.210" /><testcase classname="tests.test_security_fixes.TestPenaltiesScoping" name="test_parent_without_pin_forbidden" time="0.322" /><testcase classname="tests.test_security_fixes.TestPenaltiesScoping" name="test_parent_with_pin_scoped_and_idempotent" time="2.497" /></testsuite></testsuites>