<?xml version="1.0" encoding="utf-8"?><testsuites name="pytest tests"><testsuite name="pytest" errors="0" failures="0" skipped="0" tests="36" time="6.946" timestamp="2026-08-18T17:48:07.473955+00:00" hostname="agent-env-42d1e119-b683-4328-8496-7e112ad7afe8"><testcase classname="tests.test_tasks_regression.TestTasksN1Regression" name="test_lea_tasks_have_today_status_field" time="0.354" /><testcase classname="tests.test_tasks_regression.TestTasksN1Regression" name="test_lea_sees_assigned_daily_and_weekly" time="0.077" /><testcase classname="tests.backend_test.TestAuth" name="test_login_parent" time="0.533" /><testcase classname="tests.backend_test.TestAuth" name="test_login_kid" time="0.101" /><testcase classname="tests.backend_test.TestAuth" name="test_login_wrong_password" time="0.119" /><testcase classname="tests.test_tasks_regression.TestTasksN1Regression" name="test_complete_non_photo_updates_today_status_and_points" time="0.986" /><testcase classname="tests.backend_test.TestAuth" name="test_me" time="0.060" /><testcase classname="tests.backend_test.TestAuth" name="test_me_unauth" time="0.098" /><testcase classname="tests.backend_test.TestAuth" name="test_pin_wrong" time="0.121" /><testcase classname="tests.backend_test.TestAuth" name="test_pin_kid_forbidden" time="0.061" /><testcase classname="tests.backend_test.TestAuth" name="test_register_family_and_child" time="0.305" /><testcase classname="tests.backend_test.TestRewards" name="test_list_rewards" time="0.061" /><testcase classname="tests.test_tasks_regression.TestTasksN1Regression" name="test_duplicate_same_day_returns_409" time="0.395" /><testcase classname="tests.backend_test.TestRewards" name="test_claim_insufficient" time="0.181" /><testcase classname="tests.backend_test.TestRewards" name="test_claim_success" time="0.488" /><testcase classname="tests.test_tasks_regression.TestTasksN1Regression" name="test_soft_deleted_task_excluded_from_list" time="0.445" /><testcase classname="tests.backend_test.TestTasks" name="test_list_tasks" time="0.068" /><testcase classname="tests.backend_test.TestTasks" name="test_create_and_delete_task" time="0.188" /><testcase classname="tests.backend_test.TestCompletions" name="test_non_photo_auto_approve_and_duplicate" time="0.413" /><testcase classname="tests.backend_test.TestPinGating" name="test_create_task_without_pin" time="0.498" /><testcase classname="tests.backend_test.TestCompletions" name="test_photo_pending_and_vote" time="1.232" /><testcase classname="tests.backend_test.TestPinGating" name="test_create_reward_kid_forbidden" time="0.274" /><testcase classname="tests.backend_test.TestFamily" name="test_family" time="0.131" /><testcase classname="tests.backend_test.TestFamily" name="test_leaderboard_sorted" time="0.127" /><testcase classname="tests.test_delete_account.TestDeleteAccountAuth" name="test_delete_requires_jwt" time="0.127" /><testcase classname="tests.test_delete_account.TestDeleteAccountAuth" name="test_wrong_password_returns_401_and_preserves_user" time="0.461" /><testcase classname="tests.test_delete_account.TestDemoAccountsIntact" name="test_demo_parent_login_still_works" time="0.101" /><testcase classname="tests.test_delete_account.TestDemoAccountsIntact" name="test_demo_kid_login_and_tasks" time="0.223" /><testcase classname="tests.backend_test.TestPenalties" name="test_penalties_list" time="0.061" /><testcase classname="tests.backend_test.TestPenalties" name="test_run_penalties" time="0.158" /><testcase classname="tests.backend_test.TestCalendar" name="test_event_crud" time="0.394" /><testcase classname="tests.backend_test.TestPush" name="test_register_push" time="0.067" /><testcase classname="tests.test_delete_account.TestDeleteAccountSoloFamily" name="test_solo_user_delete_cascades_family" time="0.880" /><testcase classname="tests.backend_test.TestShopping" name="test_shopping_flow" time="0.443" /><testcase classname="tests.test_delete_account.TestDeleteAccountMultiMember" name="test_only_caller_deleted_when_others_remain" time="1.079" /><testcase classname="tests.test_tasks_regression.TestSanityValidationFlow" name="test_pending_and_parent_vote" time="1.375" /></testsuite></testsuites>