<?xml version="1.0" encoding="utf-8"?><testsuites name="pytest tests"><testsuite name="pytest" errors="0" failures="0" skipped="0" tests="10" time="4.700" timestamp="2026-08-18T18:21:19.228282+00:00" hostname="agent-env-42d1e119-b683-4328-8496-7e112ad7afe8"><testcase classname="tests.test_badges.TestRegression" name="test_demo_parent_login" time="0.386" /><testcase classname="tests.test_badges.TestRegression" name="test_demo_kid_login_and_tasks" time="0.397" /><testcase classname="tests.test_badges.TestFreshChildBadgeUnlock" name="test_zero_state" time="1.159" /><testcase classname="tests.test_badges.TestRegression" name="test_leaderboard_still_sorted" time="0.366" /><testcase classname="tests.test_badges.TestRegression" name="test_delete_account_endpoint_exists" time="0.435" /><testcase classname="tests.test_badges.TestFreshChildBadgeUnlock" name="test_non_photo_completion_unlocks_first_quest_and_returns_new_badges" time="0.983" /><testcase classname="tests.test_badges.TestBadgesEndpoint" name="test_lea_has_6_of_10_expected_badges" time="0.275" /><testcase classname="tests.test_badges.TestBadgesEndpoint" name="test_badges_endpoint_shape_for_any_user" time="0.310" /><testcase classname="tests.test_badges.TestFreshChildBadgeUnlock" name="test_photo_task_completion_returns_empty_new_badges_and_pending_status" time="0.691" /><testcase classname="tests.test_badges.TestVoteApprovalUnlocksBadges" name="test_parent_approves_child_photo_awards_and_unlocks" time="1.535" /></testsuite></testsuites>