<?xml version="1.0" encoding="utf-8"?><testsuites name="pytest tests"><testsuite name="pytest" errors="0" failures="0" skipped="0" tests="24" time="3.855" timestamp="2026-08-18T16:52:52.757187+00:00" hostname="agent-env-42d1e119-b683-4328-8496-7e112ad7afe8"><testcase classname="tests.backend_test.TestRewards" name="test_list_rewards" time="0.505" /><testcase classname="tests.backend_test.TestAuth" name="test_login_parent" time="0.440" /><testcase classname="tests.backend_test.TestAuth" name="test_login_kid" time="0.098" /><testcase classname="tests.backend_test.TestAuth" name="test_login_wrong_password" time="0.106" /><testcase classname="tests.backend_test.TestAuth" name="test_me" time="0.066" /><testcase classname="tests.backend_test.TestAuth" name="test_me_unauth" time="0.064" /><testcase classname="tests.backend_test.TestAuth" name="test_pin_wrong" time="0.102" /><testcase classname="tests.backend_test.TestRewards" name="test_claim_insufficient" time="0.598" /><testcase classname="tests.backend_test.TestAuth" name="test_pin_kid_forbidden" time="0.071" /><testcase classname="tests.backend_test.TestAuth" name="test_register_family_and_child" time="0.398" /><testcase classname="tests.backend_test.TestRewards" name="test_claim_success" time="0.599" /><testcase classname="tests.backend_test.TestTasks" name="test_list_tasks" time="0.068" /><testcase classname="tests.backend_test.TestTasks" name="test_create_and_delete_task" time="0.202" /><testcase classname="tests.backend_test.TestCompletions" name="test_non_photo_auto_approve_and_duplicate" time="0.404" /><testcase classname="tests.backend_test.TestPinGating" name="test_create_task_without_pin" time="0.077" /><testcase classname="tests.backend_test.TestPinGating" name="test_create_reward_kid_forbidden" time="0.082" /><testcase classname="tests.backend_test.TestPenalties" name="test_penalties_list" time="0.078" /><testcase classname="tests.backend_test.TestPenalties" name="test_run_penalties" time="0.186" /><testcase classname="tests.backend_test.TestCompletions" name="test_photo_pending_and_vote" time="1.374" /><testcase classname="tests.backend_test.TestCalendar" name="test_event_crud" time="0.248" /><testcase classname="tests.backend_test.TestShopping" name="test_shopping_flow" time="0.309" /><testcase classname="tests.backend_test.TestPush" name="test_register_push" time="0.085" /><testcase classname="tests.backend_test.TestFamily" name="test_family" time="0.065" /><testcase classname="tests.backend_test.TestFamily" name="test_leaderboard_sorted" time="0.065" /></testsuite></testsuites>