<?xml version="1.0" encoding="utf-8"?><testsuites name="pytest tests"><testsuite name="pytest" errors="0" failures="0" skipped="0" tests="7" time="2.597" timestamp="2026-08-18T20:41:40.564780+00:00" hostname="agent-env-42d1e119-b683-4328-8496-7e112ad7afe8"><testcase classname="tests.test_penalties_batched.TestDemoRegression" name="test_login_papa_and_lea" time="0.682" /><testcase classname="tests.test_penalties_batched.TestDemoRegression" name="test_get_tasks" time="0.087" /><testcase classname="tests.test_penalties_batched.TestDemoRegression" name="test_complete_non_photo_task" time="0.559" /><testcase classname="tests.test_penalties_batched.TestBatchedPenalties" name="test_penalty_applied_for_incomplete_assigned_daily" time="2.284" /><testcase classname="tests.test_penalties_batched.TestDemoRegression" name="test_get_challenges" time="0.085" /><testcase classname="tests.test_penalties_batched.TestDemoRegression" name="test_get_events_recurring" time="0.085" /><testcase classname="tests.test_penalties_batched.TestDemoRegression" name="test_get_badges" time="0.117" /></testsuite></testsuites>