<?xml version="1.0" encoding="utf-8"?><testsuites name="pytest tests"><testsuite name="pytest" errors="0" failures="0" skipped="0" tests="6" time="2.100" timestamp="2026-08-18T17:38:32.752523+00:00" hostname="agent-env-42d1e119-b683-4328-8496-7e112ad7afe8"><testcase classname="tests.test_tasks_regression.TestTasksN1Regression" name="test_lea_tasks_have_today_status_field" time="0.417" /><testcase classname="tests.test_tasks_regression.TestTasksN1Regression" name="test_lea_sees_assigned_daily_and_weekly" time="0.058" /><testcase classname="tests.test_tasks_regression.TestSanityValidationFlow" name="test_pending_and_parent_vote" time="1.764" /><testcase classname="tests.test_tasks_regression.TestTasksN1Regression" name="test_complete_non_photo_updates_today_status_and_points" time="0.618" /><testcase classname="tests.test_tasks_regression.TestTasksN1Regression" name="test_duplicate_same_day_returns_409" time="0.258" /><testcase classname="tests.test_tasks_regression.TestTasksN1Regression" name="test_soft_deleted_task_excluded_from_list" time="0.310" /></testsuite></testsuites>