<?xml version="1.0" encoding="utf-8"?><testsuites name="pytest tests"><testsuite name="pytest" errors="0" failures="0" skipped="0" tests="30" time="5.136" timestamp="2026-08-18T17:38:40.225819+00:00" hostname="agent-env-42d1e119-b683-4328-8496-7e112ad7afe8"><testcase classname="tests.test_tasks_regression.TestTasksN1Regression" name="test_lea_tasks_have_today_status_field" time="0.397" /><testcase classname="tests.test_tasks_regression.TestTasksN1Regression" name="test_lea_sees_assigned_daily_and_weekly" time="0.111" /><testcase classname="tests.backend_test.TestAuth" name="test_login_parent" time="0.437" /><testcase classname="tests.backend_test.TestAuth" name="test_login_kid" time="0.137" /><testcase classname="tests.backend_test.TestAuth" name="test_login_wrong_password" time="0.140" /><testcase classname="tests.backend_test.TestAuth" name="test_me" time="0.066" /><testcase classname="tests.backend_test.TestAuth" name="test_me_unauth" time="0.100" /><testcase classname="tests.test_tasks_regression.TestTasksN1Regression" name="test_complete_non_photo_updates_today_status_and_points" time="0.899" /><testcase classname="tests.backend_test.TestAuth" name="test_pin_wrong" time="0.094" /><testcase classname="tests.backend_test.TestAuth" name="test_pin_kid_forbidden" time="0.057" /><testcase classname="tests.backend_test.TestAuth" name="test_register_family_and_child" time="0.634" /><testcase classname="tests.test_tasks_regression.TestTasksN1Regression" name="test_duplicate_same_day_returns_409" time="0.278" /><testcase classname="tests.backend_test.TestRewards" name="test_list_rewards" time="0.103" /><testcase classname="tests.test_tasks_regression.TestTasksN1Regression" name="test_soft_deleted_task_excluded_from_list" time="0.466" /><testcase classname="tests.backend_test.TestRewards" name="test_claim_insufficient" time="0.192" /><testcase classname="tests.backend_test.TestRewards" name="test_claim_success" time="0.682" /><testcase classname="tests.backend_test.TestPinGating" name="test_create_task_without_pin" time="0.307" /><testcase classname="tests.backend_test.TestPinGating" name="test_create_reward_kid_forbidden" time="0.188" /><testcase classname="tests.backend_test.TestTasks" name="test_list_tasks" time="0.074" /><testcase classname="tests.backend_test.TestCompletions" name="test_non_photo_auto_approve_and_duplicate" time="0.370" /><testcase classname="tests.backend_test.TestTasks" name="test_create_and_delete_task" time="0.236" /><testcase classname="tests.backend_test.TestFamily" name="test_family" time="0.064" /><testcase classname="tests.backend_test.TestCompletions" name="test_photo_pending_and_vote" time="1.058" /><testcase classname="tests.backend_test.TestFamily" name="test_leaderboard_sorted" time="0.061" /><testcase classname="tests.backend_test.TestCalendar" name="test_event_crud" time="0.204" /><testcase classname="tests.backend_test.TestShopping" name="test_shopping_flow" time="0.246" /><testcase classname="tests.backend_test.TestPush" name="test_register_push" time="0.065" /><testcase classname="tests.test_tasks_regression.TestSanityValidationFlow" name="test_pending_and_parent_vote" time="1.187" /><testcase classname="tests.backend_test.TestPenalties" name="test_penalties_list" time="0.053" /><testcase classname="tests.backend_test.TestPenalties" name="test_run_penalties" time="0.305" /></testsuite></testsuites>