<?xml version="1.0" encoding="utf-8"?><testsuites name="pytest tests"><testsuite name="pytest" errors="0" failures="0" skipped="0" tests="13" time="3.570" timestamp="2026-08-27T06:43:06.702702+00:00" hostname="agent-env-42d1e119-b683-4328-8496-7e112ad7afe8"><testcase classname="tests.test_iteration13_features.TestAccountEndpoints" name="test_profile_update_name" time="0.444" /><testcase classname="tests.test_iteration13_features.TestAccountEndpoints" name="test_password_wrong_current" time="0.133" /><testcase classname="tests.test_iteration13_features.TestAccountEndpoints" name="test_password_correct" time="0.494" /><testcase classname="tests.test_iteration13_features.TestAccountEndpoints" name="test_family_rename_parent" time="0.323" /><testcase classname="tests.test_iteration13_features.TestAccountEndpoints" name="test_family_rename_forbidden_for_kid" time="0.250" /><testcase classname="tests.test_iteration13_features.TestForgotPassword" name="test_forgot_always_ok" time="0.115" /><testcase classname="tests.test_iteration13_features.TestForgotPassword" name="test_forgot_real_email_ok" time="0.219" /><testcase classname="tests.test_iteration13_features.TestForgotPassword" name="test_reset_password_invalid_code" time="0.151" /><testcase classname="tests.test_iteration13_features.TestTaskEdit" name="test_edit_task_persists" time="0.575" /><testcase classname="tests.test_iteration13_features.TestChallengeEdit" name="test_edit_challenge_persists" time="0.514" /><testcase classname="tests.test_iteration13_features.TestPhotoEndpoint" name="test_photo_requires_token" time="0.096" /><testcase classname="tests.test_iteration13_features.TestPhotoEndpoint" name="test_photo_traversal_rejected" time="0.094" /><testcase classname="tests.test_iteration13_features.TestPhotoEndpoint" name="test_photo_query_token_auth_shape" time="0.092" /></testsuite></testsuites>