<?xml version="1.0" encoding="utf-8"?><testsuites name="pytest tests"><testsuite name="pytest" errors="0" failures="0" skipped="0" tests="7" time="3.455" timestamp="2026-08-18T21:11:06.819922+00:00" hostname="agent-env-42d1e119-b683-4328-8496-7e112ad7afe8"><testcase classname="tests.test_second_parent_join" name="test_register_parent_new_family_creates_family" time="0.449" /><testcase classname="tests.test_second_parent_join" name="test_second_parent_join_full_flow" time="1.181" /><testcase classname="tests.test_second_parent_join" name="test_join_nonexistent_family_returns_404" time="0.203" /><testcase classname="tests.test_second_parent_join" name="test_parent_register_without_pin_returns_400" time="0.190" /><testcase classname="tests.test_second_parent_join" name="test_child_registration_requires_valid_family" time="0.575" /><testcase classname="tests.test_second_parent_join" name="test_demo_parent_login" time="0.341" /><testcase classname="tests.test_second_parent_join" name="test_demo_child_login" time="0.210" /></testsuite></testsuites>