<?xml version="1.0" encoding="utf-8"?><testsuites name="pytest tests"><testsuite name="pytest" errors="0" failures="0" skipped="0" tests="9" time="4.375" timestamp="2026-08-27T11:20:55.691053+00:00" hostname="agent-env-42d1e119-b683-4328-8496-7e112ad7afe8"><testcase classname="tests.test_iteration14_pauses.TestPauseCRUD" name="test_create_pause_requires_pin" time="0.770" /><testcase classname="tests.test_iteration14_pauses.TestPauseCRUD" name="test_create_get_delete_pause" time="0.505" /><testcase classname="tests.test_iteration14_pauses.TestPauseCRUD" name="test_end_before_start_rejected" time="0.134" /><testcase classname="tests.test_iteration14_pauses.TestPauseCRUD" name="test_empty_user_ids_rejected" time="0.135" /><testcase classname="tests.test_iteration14_pauses.TestPauseCRUD" name="test_foreign_member_rejected" time="0.130" /><testcase classname="tests.test_iteration14_pauses.TestTasksPauseMasking" name="test_not_paused_returns_tasks" time="0.643" /><testcase classname="tests.test_iteration14_pauses.TestTasksPauseMasking" name="test_paused_hides_tasks" time="0.820" /><testcase classname="tests.test_iteration14_pauses.TestTasksPauseMasking" name="test_pause_outside_today_does_not_mask" time="0.383" /><testcase classname="tests.test_iteration14_pauses.TestPenaltiesFloorAndPause" name="test_points_floor_at_zero_and_paused_skipped" time="0.734" /></testsuite></testsuites>